# JRE version: Java(TM) SE Runtime Environment (21.0.8+12) (build 21.0.8+12-LTS-250)
# Java VM: Java HotSpot(TM) 64-Bit Server VM (21.0.8+12-LTS-250, mixed mode, sharing, tiered, compressed oops, compressed class ptrs, g1 gc, windows-amd64)
GC Precious Log:
 CardTable entry size: 512
 Card Set container configuration: InlinePtr #cards 4 size 8 Array Of Cards #cards 16 size 48 Howl #buckets 8 coarsen threshold 3686 Howl Bitmap #cards 512 size 80 coarsen threshold 460 Card regions per heap region 1 cards per card region 4096
 CPUs: 16 total, 16 available
 Memory: 16008M
 Large Page Support: Disabled
 NUMA Support: Disabled
 Compressed Oops: Enabled (Zero based)
 Heap Region Size: 2M
 Heap Min Capacity: 8M
 Heap Initial Capacity: 252M
 Heap Max Capacity: 4004M
 Pre-touch: Disabled
 Parallel Workers: 13
 Concurrent Workers: 3
 Concurrent Refinement Workers: 13
 Periodic GC: Disabled
Heap:
 garbage-first heap   total 108544K, used 59874K [0x0000000705c00000, 0x0000000800000000)
  region size 2048K, 17 young (34816K), 10 survivors (20480K)
 Metaspace       used 31125K, committed 31488K, reserved 1114112K
  class space    used 4129K, committed 4288K, reserved 1048576K
GC Heap History (8 events):
Event: 0.854 GC heap before
{Heap before GC invocations=0 (full 0):
 garbage-first heap   total 258048K, used 20480K [0x0000000705c00000, 0x0000000800000000)
  region size 2048K, 11 young (22528K), 0 survivors (0K)
 Metaspace       used 3908K, committed 4032K, reserved 1114112K
  class space    used 384K, committed 448K, reserved 1048576K
}
Event: 0.860 GC heap after
{Heap after GC invocations=1 (full 0):
 garbage-first heap   total 258048K, used 2463K [0x0000000705c00000, 0x0000000800000000)
  region size 2048K, 2 young (4096K), 2 survivors (4096K)
 Metaspace       used 3908K, committed 4032K, reserved 1114112K
  class space    used 384K, committed 448K, reserved 1048576K
}
Event: 2.182 GC heap before
{Heap before GC invocations=1 (full 0):
 garbage-first heap   total 258048K, used 41375K [0x0000000705c00000, 0x0000000800000000)
  region size 2048K, 22 young (45056K), 2 survivors (4096K)
 Metaspace       used 10438K, committed 10688K, reserved 1114112K
  class space    used 1364K, committed 1472K, reserved 1048576K
}
Event: 2.191 GC heap after
{Heap after GC invocations=2 (full 0):
 garbage-first heap   total 258048K, used 7196K [0x0000000705c00000, 0x0000000800000000)
  region size 2048K, 3 young (6144K), 3 survivors (6144K)
 Metaspace       used 10438K, committed 10688K, reserved 1114112K
  class space    used 1364K, committed 1472K, reserved 1048576K
}
Event: 5.034 GC heap before
{Heap before GC invocations=2 (full 0):
 garbage-first heap   total 258048K, used 68636K [0x0000000705c00000, 0x0000000800000000)
  region size 2048K, 29 young (59392K), 3 survivors (6144K)
 Metaspace       used 21180K, committed 21504K, reserved 1114112K
  class space    used 2996K, committed 3136K, reserved 1048576K
}
Event: 5.050 GC heap after
{Heap after GC invocations=3 (full 0):
 garbage-first heap   total 258048K, used 19083K [0x0000000705c00000, 0x0000000800000000)
  region size 2048K, 6 young (12288K), 6 survivors (12288K)
 Metaspace       used 21180K, committed 21504K, reserved 1114112K
  class space    used 2996K, committed 3136K, reserved 1048576K
}
Event: 19.199 GC heap before
{Heap before GC invocations=4 (full 0):
 garbage-first heap   total 86016K, used 84619K [0x0000000705c00000, 0x0000000800000000)
  region size 2048K, 28 young (57344K), 6 survivors (12288K)
 Metaspace       used 30914K, committed 31296K, reserved 1114112K
  class space    used 4120K, committed 4288K, reserved 1048576K
}
Event: 19.218 GC heap after
{Heap after GC invocations=5 (full 0):
 garbage-first heap   total 108544K, used 43490K [0x0000000705c00000, 0x0000000800000000)
  region size 2048K, 10 young (20480K), 10 survivors (20480K)
 Metaspace       used 30914K, committed 31296K, reserved 1114112K
  class space    used 4120K, committed 4288K, reserved 1048576K
}

