# JRE version: Java(TM) SE Runtime Environment (21.0.8+12) (build 21.0.8+12-LTS-250)
# Java VM: Java HotSpot(TM) 64-Bit Server VM (21.0.8+12-LTS-250, mixed mode, sharing, tiered, compressed oops, compressed class ptrs, g1 gc, windows-amd64)
GC Precious Log:
 CardTable entry size: 512
 Card Set container configuration: InlinePtr #cards 4 size 8 Array Of Cards #cards 16 size 48 Howl #buckets 8 coarsen threshold 3686 Howl Bitmap #cards 512 size 80 coarsen threshold 460 Card regions per heap region 1 cards per card region 4096
 CPUs: 16 total, 16 available
 Memory: 16008M
 Large Page Support: Disabled
 NUMA Support: Disabled
 Compressed Oops: Enabled (Zero based)
 Heap Region Size: 2M
 Heap Min Capacity: 8M
 Heap Initial Capacity: 252M
 Heap Max Capacity: 4004M
 Pre-touch: Disabled
 Parallel Workers: 13
 Concurrent Workers: 3
 Concurrent Refinement Workers: 13
 Periodic GC: Disabled
Heap:
 garbage-first heap   total 102400K, used 51897K [0x0000000705c00000, 0x0000000800000000)
  region size 2048K, 16 young (32768K), 10 survivors (20480K)
 Metaspace       used 31134K, committed 31552K, reserved 1114112K
  class space    used 4124K, committed 4352K, reserved 1048576K
GC Heap History (8 events):
Event: 0.914 GC heap before
{Heap before GC invocations=0 (full 0):
 garbage-first heap   total 258048K, used 20480K [0x0000000705c00000, 0x0000000800000000)
  region size 2048K, 11 young (22528K), 0 survivors (0K)
 Metaspace       used 3921K, committed 4096K, reserved 1114112K
  class space    used 387K, committed 448K, reserved 1048576K
}
Event: 0.919 GC heap after
{Heap after GC invocations=1 (full 0):
 garbage-first heap   total 258048K, used 2407K [0x0000000705c00000, 0x0000000800000000)
  region size 2048K, 2 young (4096K), 2 survivors (4096K)
 Metaspace       used 3921K, committed 4096K, reserved 1114112K
  class space    used 387K, committed 448K, reserved 1048576K
}
Event: 2.298 GC heap before
{Heap before GC invocations=1 (full 0):
 garbage-first heap   total 258048K, used 41319K [0x0000000705c00000, 0x0000000800000000)
  region size 2048K, 22 young (45056K), 2 survivors (4096K)
 Metaspace       used 10403K, committed 10624K, reserved 1114112K
  class space    used 1359K, committed 1472K, reserved 1048576K
}
Event: 2.306 GC heap after
{Heap after GC invocations=2 (full 0):
 garbage-first heap   total 258048K, used 7042K [0x0000000705c00000, 0x0000000800000000)
  region size 2048K, 3 young (6144K), 3 survivors (6144K)
 Metaspace       used 10403K, committed 10624K, reserved 1114112K
  class space    used 1359K, committed 1472K, reserved 1048576K
}
Event: 5.432 GC heap before
{Heap before GC invocations=2 (full 0):
 garbage-first heap   total 258048K, used 68482K [0x0000000705c00000, 0x0000000800000000)
  region size 2048K, 29 young (59392K), 3 survivors (6144K)
 Metaspace       used 21217K, committed 21504K, reserved 1114112K
  class space    used 2999K, committed 3136K, reserved 1048576K
}
Event: 5.452 GC heap after
{Heap after GC invocations=3 (full 0):
 garbage-first heap   total 258048K, used 18836K [0x0000000705c00000, 0x0000000800000000)
  region size 2048K, 6 young (12288K), 6 survivors (12288K)
 Metaspace       used 21217K, committed 21504K, reserved 1114112K
  class space    used 2999K, committed 3136K, reserved 1048576K
}
Event: 22.924 GC heap before
{Heap before GC invocations=4 (full 0):
 garbage-first heap   total 79872K, used 78228K [0x0000000705c00000, 0x0000000800000000)
  region size 2048K, 29 young (59392K), 6 survivors (12288K)
 Metaspace       used 31044K, committed 31488K, reserved 1114112K
  class space    used 4120K, committed 4352K, reserved 1048576K
}
Event: 22.941 GC heap after
{Heap after GC invocations=5 (full 0):
 garbage-first heap   total 102400K, used 37561K [0x0000000705c00000, 0x0000000800000000)
  region size 2048K, 10 young (20480K), 10 survivors (20480K)
 Metaspace       used 31044K, committed 31488K, reserved 1114112K
  class space    used 4120K, committed 4352K, reserved 1048576K
}

