# JRE version: Java(TM) SE Runtime Environment (21.0.8+12) (build 21.0.8+12-LTS-250)
# Java VM: Java HotSpot(TM) 64-Bit Server VM (21.0.8+12-LTS-250, mixed mode, sharing, tiered, compressed oops, compressed class ptrs, g1 gc, windows-amd64)
GC Precious Log:
 CardTable entry size: 512
 Card Set container configuration: InlinePtr #cards 4 size 8 Array Of Cards #cards 16 size 48 Howl #buckets 8 coarsen threshold 3686 Howl Bitmap #cards 512 size 80 coarsen threshold 460 Card regions per heap region 1 cards per card region 4096
 CPUs: 16 total, 16 available
 Memory: 16008M
 Large Page Support: Disabled
 NUMA Support: Disabled
 Compressed Oops: Enabled (Zero based)
 Heap Region Size: 2M
 Heap Min Capacity: 8M
 Heap Initial Capacity: 252M
 Heap Max Capacity: 4004M
 Pre-touch: Disabled
 Parallel Workers: 13
 Concurrent Workers: 3
 Concurrent Refinement Workers: 13
 Periodic GC: Disabled
Heap:
 garbage-first heap   total 104448K, used 63618K [0x0000000705c00000, 0x0000000800000000)
  region size 2048K, 19 young (38912K), 10 survivors (20480K)
 Metaspace       used 31163K, committed 31616K, reserved 1114112K
  class space    used 4129K, committed 4352K, reserved 1048576K
GC Heap History (8 events):
Event: 0.897 GC heap before
{Heap before GC invocations=0 (full 0):
 garbage-first heap   total 258048K, used 20480K [0x0000000705c00000, 0x0000000800000000)
  region size 2048K, 11 young (22528K), 0 survivors (0K)
 Metaspace       used 3930K, committed 4096K, reserved 1114112K
  class space    used 386K, committed 448K, reserved 1048576K
}
Event: 0.903 GC heap after
{Heap after GC invocations=1 (full 0):
 garbage-first heap   total 258048K, used 2533K [0x0000000705c00000, 0x0000000800000000)
  region size 2048K, 2 young (4096K), 2 survivors (4096K)
 Metaspace       used 3930K, committed 4096K, reserved 1114112K
  class space    used 386K, committed 448K, reserved 1048576K
}
Event: 2.229 GC heap before
{Heap before GC invocations=1 (full 0):
 garbage-first heap   total 258048K, used 41445K [0x0000000705c00000, 0x0000000800000000)
  region size 2048K, 22 young (45056K), 2 survivors (4096K)
 Metaspace       used 10395K, committed 10624K, reserved 1114112K
  class space    used 1353K, committed 1472K, reserved 1048576K
}
Event: 2.239 GC heap after
{Heap after GC invocations=2 (full 0):
 garbage-first heap   total 258048K, used 6888K [0x0000000705c00000, 0x0000000800000000)
  region size 2048K, 3 young (6144K), 3 survivors (6144K)
 Metaspace       used 10395K, committed 10624K, reserved 1114112K
  class space    used 1353K, committed 1472K, reserved 1048576K
}
Event: 6.637 GC heap before
{Heap before GC invocations=2 (full 0):
 garbage-first heap   total 258048K, used 68328K [0x0000000705c00000, 0x0000000800000000)
  region size 2048K, 30 young (61440K), 3 survivors (6144K)
 Metaspace       used 21150K, committed 21504K, reserved 1114112K
  class space    used 2987K, committed 3136K, reserved 1048576K
}
Event: 6.649 GC heap after
{Heap after GC invocations=3 (full 0):
 garbage-first heap   total 258048K, used 18140K [0x0000000705c00000, 0x0000000800000000)
  region size 2048K, 6 young (12288K), 6 survivors (12288K)
 Metaspace       used 21150K, committed 21504K, reserved 1114112K
  class space    used 2987K, committed 3136K, reserved 1048576K
}
Event: 20.271 GC heap before
{Heap before GC invocations=4 (full 0):
 garbage-first heap   total 81920K, used 79580K [0x0000000705c00000, 0x0000000800000000)
  region size 2048K, 28 young (57344K), 6 survivors (12288K)
 Metaspace       used 30991K, committed 31424K, reserved 1114112K
  class space    used 4117K, committed 4352K, reserved 1048576K
}
Event: 20.295 GC heap after
{Heap after GC invocations=5 (full 0):
 garbage-first heap   total 104448K, used 39042K [0x0000000705c00000, 0x0000000800000000)
  region size 2048K, 10 young (20480K), 10 survivors (20480K)
 Metaspace       used 30991K, committed 31424K, reserved 1114112K
  class space    used 4117K, committed 4352K, reserved 1048576K
}

